2025-09-08 13:44:30,727 - INFO - 
[1] Senior Test Automation Engineer
Senior Test Automation Engineer with verification @ Barclays
2025-09-08 13:44:30,728 - INFO - 🔗 https://www.linkedin.com/jobs/view/4294462931/
2025-09-08 13:44:36,815 - INFO - 📄 Description (first 200 chars): About the job
Join us as a Senior Test Automation Engineer at Barclays, as we are looking for an expert in automated testing technology to help lead our team of equities valuation software developers ...
2025-09-08 13:44:36,816 - INFO - [1] ✅ Senior Test Automation Engineer
Senior Test Automation Engineer with verification @ Barclays (MATCHED)
2025-09-08 13:44:48,193 - INFO - ⏭️ Skipping already viewed job
2025-09-08 13:44:52,182 - INFO - ⏭️ Skipping already viewed job
2025-09-08 13:44:55,696 - INFO - ⏭️ Skipping already viewed job
2025-09-08 13:44:58,430 - INFO - ⏭️ Skipping already viewed job
2025-09-08 13:45:02,446 - INFO - ⏭️ Skipping already viewed job
2025-09-08 13:45:04,907 - INFO - ⏭️ Skipping already viewed job
2025-09-08 13:45:08,310 - INFO - ⏭️ Skipping already viewed job
2025-09-08 13:45:11,568 - INFO - ⏭️ Skipping already viewed job
2025-09-08 13:45:14,399 - INFO - ⏭️ Skipping already viewed job
2025-09-08 13:45:16,501 - INFO - ⏭️ Skipping already viewed job
2025-09-08 13:45:18,921 - INFO - ⏭️ Skipping already viewed job
2025-09-08 13:45:22,783 - INFO - ⏭️ Skipping already viewed job
2025-09-08 13:45:25,416 - INFO - [14] ❌ Automation QA Specialist (w/h Python) - RELOCATION REQUIRED
Automation QA Specialist (w/h Python) - RELOCATION REQUIRED with verification @ Sofia Stars (skipped)
2025-09-08 13:45:27,836 - INFO - ⏭️ Skipping already viewed job
2025-09-08 13:45:31,444 - INFO - ⏭️ Skipping already viewed job
2025-09-08 13:45:35,314 - INFO - ⏭️ Skipping already viewed job
2025-09-08 13:45:38,980 - INFO - [18] ❌ Python Developer in QA
Python Developer in QA with verification @ Veeam Software (skipped)
2025-09-08 13:45:41,991 - INFO - ⏭️ Skipping already viewed job
2025-09-08 13:45:44,306 - INFO - ⏭️ Skipping already viewed job
2025-09-08 13:45:47,062 - INFO - ⏭️ Skipping already viewed job
2025-09-08 13:45:49,881 - INFO - ⏭️ Skipping already viewed job
2025-09-08 13:45:53,102 - INFO - ⏭️ Skipping already viewed job
2025-09-08 13:45:55,434 - INFO - ⏭️ Skipping already viewed job
2025-09-08 13:45:58,774 - INFO - ⏭️ Skipping already viewed job
2025-09-08 13:46:03,189 - INFO - [1] ❌ QA Automation Engineer (C#)
QA Automation Engineer (C#) with verification @ Veeam Software (skipped)
2025-09-08 13:46:06,139 - INFO - ⏭️ Skipping already viewed job
2025-09-08 13:46:09,454 - INFO - ⏭️ Skipping already viewed job
2025-09-08 13:46:11,710 - INFO - ⏭️ Skipping already viewed job
2025-09-08 13:46:13,854 - INFO - ⏭️ Skipping already viewed job
2025-09-08 13:46:19,092 - INFO - 
✅ Saved 1 new jobs to linkedin_job.txt
2025-09-08 13:46:22,438 - INFO - 🔹 Browser session is kept in 'chrome_profile/' for next runs.
